   1              		.cpu cortex-m4
   2              		.arch armv7e-m
   3              		.fpu fpv4-sp-d16
   4              		.eabi_attribute 27, 1
   5              		.eabi_attribute 28, 1
   6              		.eabi_attribute 20, 1
   7              		.eabi_attribute 21, 1
   8              		.eabi_attribute 23, 3
   9              		.eabi_attribute 24, 1
  10              		.eabi_attribute 25, 1
  11              		.eabi_attribute 26, 1
  12              		.eabi_attribute 30, 4
  13              		.eabi_attribute 34, 1
  14              		.eabi_attribute 18, 4
  15              		.file	"key.c"
  16              		.text
  17              	.Ltext0:
  18              		.cfi_sections	.debug_frame
  19              		.file 1 "source\\key\\key.c"
  20              		.section	.text.beep_control.part.0,"ax",%progbits
  21              		.align	1
  22              		.syntax unified
  23              		.thumb
  24              		.thumb_func
  26              	beep_control.part.0:
  27              	.LFB127:
   1:source\key/key.c **** /********************************************************************************/
   2:source\key/key.c **** /* key.c	                                                                */
   3:source\key/key.c **** /* STM32F407ZGT6                                                                */
   4:source\key/key.c **** /* (Lee ChangWoo HL2IRW  hl2irw@daum.net 010-8573-6860)                 	*/
   5:source\key/key.c **** /* stm32f4x_test								*/
   6:source\key/key.c **** /********************************************************************************/
   7:source\key/key.c **** #include "../../hwdefs.h"
   8:source\key/key.c **** #include "../prototype.h"
   9:source\key/key.c **** 
  10:source\key/key.c **** #define KEY_TIME			10
  11:source\key/key.c **** volatile unsigned char key_cnt1,key_cnt2,key_cnt3,key_cnt4,key_value,beep_on;
  12:source\key/key.c **** volatile unsigned short beep_cnt,beep_max,key_press_time;
  13:source\key/key.c **** 
  14:source\key/key.c **** 
  15:source\key/key.c **** 
  16:source\key/key.c **** void beep_control (unsigned char ctl)
  28              		.loc 1 16 6 view -0
  29              		.cfi_startproc
  30              		@ args = 0, pretend = 0, frame = 0
  31              		@ frame_needed = 0, uses_anonymous_args = 0
  32              		@ link register save eliminated.
  33              	.LVL0:
  17:source\key/key.c **** {
  18:source\key/key.c ****       if (ctl == ON) {
  19:source\key/key.c ****          beep_on = 1;
  34              		.loc 1 19 10 view .LVU1
  35              		.loc 1 19 18 is_stmt 0 view .LVU2
  36 0000 034B     		ldr	r3, .L2
  37 0002 0122     		movs	r2, #1
  38 0004 1A70     		strb	r2, [r3]
  20:source\key/key.c ****          beep_cnt = 0;
  39              		.loc 1 20 10 is_stmt 1 view .LVU3
  40              		.loc 1 20 19 is_stmt 0 view .LVU4
  41 0006 034B     		ldr	r3, .L2+4
  42 0008 0022     		movs	r2, #0
  43 000a 1A80     		strh	r2, [r3]	@ movhi
  21:source\key/key.c ****       } else {
  22:source\key/key.c ****          beep_on = 0;
  23:source\key/key.c ****          beep_cnt = 0;
  24:source\key/key.c ****          BEEP = 0;
  25:source\key/key.c ****       }
  26:source\key/key.c **** }
  44              		.loc 1 26 1 view .LVU5
  45 000c 7047     		bx	lr
  46              	.L3:
  47 000e 00BF     		.align	2
  48              	.L2:
  49 0010 00000000 		.word	beep_on
  50 0014 00000000 		.word	beep_cnt
  51              		.cfi_endproc
  52              	.LFE127:
  54              		.section	.text.beep_control,"ax",%progbits
  55              		.align	1
  56              		.global	beep_control
  57              		.syntax unified
  58              		.thumb
  59              		.thumb_func
  61              	beep_control:
  62              	.LVL1:
  63              	.LFB123:
  17:source\key/key.c ****       if (ctl == ON) {
  64              		.loc 1 17 1 is_stmt 1 view -0
  65              		.cfi_startproc
  66              		@ args = 0, pretend = 0, frame = 0
  67              		@ frame_needed = 0, uses_anonymous_args = 0
  68              		@ link register save eliminated.
  18:source\key/key.c ****          beep_on = 1;
  69              		.loc 1 18 7 view .LVU7
  18:source\key/key.c ****          beep_on = 1;
  70              		.loc 1 18 10 is_stmt 0 view .LVU8
  71 0000 0128     		cmp	r0, #1
  72 0002 01D1     		bne	.L5
  73 0004 FFF7FEBF 		b	beep_control.part.0
  74              	.LVL2:
  75              	.L5:
  22:source\key/key.c ****          beep_cnt = 0;
  76              		.loc 1 22 10 is_stmt 1 view .LVU9
  22:source\key/key.c ****          beep_cnt = 0;
  77              		.loc 1 22 18 is_stmt 0 view .LVU10
  78 0008 044A     		ldr	r2, .L6
  79 000a 0023     		movs	r3, #0
  80 000c 1370     		strb	r3, [r2]
  23:source\key/key.c ****          BEEP = 0;
  81              		.loc 1 23 10 is_stmt 1 view .LVU11
  23:source\key/key.c ****          BEEP = 0;
  82              		.loc 1 23 19 is_stmt 0 view .LVU12
  83 000e 044A     		ldr	r2, .L6+4
  84 0010 1380     		strh	r3, [r2]	@ movhi
  24:source\key/key.c ****       }
  85              		.loc 1 24 10 is_stmt 1 view .LVU13
  24:source\key/key.c ****       }
  86              		.loc 1 24 15 is_stmt 0 view .LVU14
  87 0012 044A     		ldr	r2, .L6+8
  88 0014 C2F8A032 		str	r3, [r2, #672]
  89              		.loc 1 26 1 view .LVU15
  90 0018 7047     		bx	lr
  91              	.L7:
  92 001a 00BF     		.align	2
  93              	.L6:
  94 001c 00000000 		.word	beep_on
  95 0020 00000000 		.word	beep_cnt
  96 0024 00804242 		.word	1111654400
  97              		.cfi_endproc
  98              	.LFE123:
 100              		.section	.text.beep_check,"ax",%progbits
 101              		.align	1
 102              		.global	beep_check
 103              		.syntax unified
 104              		.thumb
 105              		.thumb_func
 107              	beep_check:
 108              	.LFB124:
  27:source\key/key.c **** 
  28:source\key/key.c **** 
  29:source\key/key.c **** void beep_check (void)
  30:source\key/key.c **** {
 109              		.loc 1 30 1 is_stmt 1 view -0
 110              		.cfi_startproc
 111              		@ args = 0, pretend = 0, frame = 0
 112              		@ frame_needed = 0, uses_anonymous_args = 0
 113              		@ link register save eliminated.
  31:source\key/key.c ****       if (beep_on) {
 114              		.loc 1 31 7 view .LVU17
 115              		.loc 1 31 11 is_stmt 0 view .LVU18
 116 0000 0D4B     		ldr	r3, .L15
 117 0002 1B78     		ldrb	r3, [r3]	@ zero_extendqisi2
 118              		.loc 1 31 10 view .LVU19
 119 0004 BBB1     		cbz	r3, .L8
  32:source\key/key.c ****          beep_cnt++;
 120              		.loc 1 32 10 is_stmt 1 view .LVU20
 121              		.loc 1 32 18 is_stmt 0 view .LVU21
 122 0006 0D4A     		ldr	r2, .L15+4
 123 0008 1388     		ldrh	r3, [r2]
 124 000a 0133     		adds	r3, r3, #1
 125 000c 9BB2     		uxth	r3, r3
 126 000e 1380     		strh	r3, [r2]	@ movhi
  33:source\key/key.c ****          if (beep_cnt < 200) {
 127              		.loc 1 33 10 is_stmt 1 view .LVU22
 128              		.loc 1 33 23 is_stmt 0 view .LVU23
 129 0010 1388     		ldrh	r3, [r2]
 130 0012 9BB2     		uxth	r3, r3
 131              		.loc 1 33 13 view .LVU24
 132 0014 C72B     		cmp	r3, #199
 133 0016 0A4B     		ldr	r3, .L15+8
  34:source\key/key.c ****             BEEP = 1;
 134              		.loc 1 34 13 is_stmt 1 view .LVU25
 135              		.loc 1 34 18 is_stmt 0 view .LVU26
 136 0018 94BF     		ite	ls
 137 001a 0121     		movls	r1, #1
  35:source\key/key.c ****          } else {
  36:source\key/key.c ****             BEEP = 0;
 138              		.loc 1 36 13 is_stmt 1 view .LVU27
 139              		.loc 1 36 18 is_stmt 0 view .LVU28
 140 001c 0021     		movhi	r1, #0
 141 001e C3F8A012 		str	r1, [r3, #672]
  37:source\key/key.c ****          }
  38:source\key/key.c ****          if (beep_cnt >= beep_max) {
 142              		.loc 1 38 10 is_stmt 1 view .LVU29
 143              		.loc 1 38 23 is_stmt 0 view .LVU30
 144 0022 084B     		ldr	r3, .L15+12
 145 0024 1288     		ldrh	r2, [r2]
 146 0026 1B88     		ldrh	r3, [r3]
 147 0028 92B2     		uxth	r2, r2
 148 002a 9BB2     		uxth	r3, r3
 149              		.loc 1 38 13 view .LVU31
 150 002c 9A42     		cmp	r2, r3
 151 002e 02D3     		bcc	.L8
 152              	.LBB14:
 153              	.LBI14:
  29:source\key/key.c **** {
 154              		.loc 1 29 6 is_stmt 1 view .LVU32
 155              	.LBB15:
  39:source\key/key.c ****             beep_control(OFF);
 156              		.loc 1 39 13 view .LVU33
 157 0030 0020     		movs	r0, #0
 158 0032 FFF7FEBF 		b	beep_control
 159              	.LVL3:
 160              	.L8:
 161              	.LBE15:
 162              	.LBE14:
  40:source\key/key.c ****          }
  41:source\key/key.c ****       }
  42:source\key/key.c **** }
 163              		.loc 1 42 1 is_stmt 0 view .LVU34
 164 0036 7047     		bx	lr
 165              	.L16:
 166              		.align	2
 167              	.L15:
 168 0038 00000000 		.word	beep_on
 169 003c 00000000 		.word	beep_cnt
 170 0040 00804242 		.word	1111654400
 171 0044 00000000 		.word	beep_max
 172              		.cfi_endproc
 173              	.LFE124:
 175              		.section	.rodata.key_read.str1.1,"aMS",%progbits,1
 176              	.LC0:
 177 0000 4B657920 		.ascii	"Key UP START\000"
 177      55502053 
 177      54415254 
 177      00
 178              	.LC1:
 179 000d 4B657920 		.ascii	"Key UP %5d\000"
 179      55502025 
 179      356400
 180              		.section	.text.key_read,"ax",%progbits
 181              		.align	1
 182              		.global	key_read
 183              		.syntax unified
 184              		.thumb
 185              		.thumb_func
 187              	key_read:
 188              	.LFB125:
  43:source\key/key.c **** 
  44:source\key/key.c **** 
  45:source\key/key.c **** unsigned char key_read (void)
  46:source\key/key.c **** {
 189              		.loc 1 46 1 is_stmt 1 view -0
 190              		.cfi_startproc
 191              		@ args = 0, pretend = 0, frame = 0
 192              		@ frame_needed = 0, uses_anonymous_args = 0
  47:source\key/key.c ****       if (KEY0 == RESET) {
 193              		.loc 1 47 7 view .LVU36
  46:source\key/key.c ****       if (KEY0 == RESET) {
 194              		.loc 1 46 1 is_stmt 0 view .LVU37
 195 0000 38B5     		push	{r3, r4, r5, lr}
 196              		.cfi_def_cfa_offset 16
 197              		.cfi_offset 3, -16
 198              		.cfi_offset 4, -12
 199              		.cfi_offset 5, -8
 200              		.cfi_offset 14, -4
 201              		.loc 1 47 11 view .LVU38
 202 0002 4F4B     		ldr	r3, .L38
 203 0004 4F4C     		ldr	r4, .L38+4
 204 0006 D3F81012 		ldr	r1, [r3, #528]
 205 000a 4F4B     		ldr	r3, .L38+8
 206              		.loc 1 47 10 view .LVU39
 207 000c 0029     		cmp	r1, #0
 208 000e 75D1     		bne	.L18
  48:source\key/key.c ****          key_cnt1++;
 209              		.loc 1 48 10 is_stmt 1 view .LVU40
 210              		.loc 1 48 18 is_stmt 0 view .LVU41
 211 0010 1A78     		ldrb	r2, [r3]	@ zero_extendqisi2
 212 0012 0132     		adds	r2, r2, #1
 213 0014 D2B2     		uxtb	r2, r2
 214 0016 1A70     		strb	r2, [r3]
  49:source\key/key.c ****          if (key_cnt1 >= KEY_TIME) {
 215              		.loc 1 49 10 is_stmt 1 view .LVU42
 216              		.loc 1 49 23 is_stmt 0 view .LVU43
 217 0018 1A78     		ldrb	r2, [r3]	@ zero_extendqisi2
 218              		.loc 1 49 13 view .LVU44
 219 001a 092A     		cmp	r2, #9
 220 001c 09D9     		bls	.L20
  50:source\key/key.c ****             key_cnt1 = 0;
 221              		.loc 1 50 13 is_stmt 1 view .LVU45
 222              		.loc 1 50 22 is_stmt 0 view .LVU46
 223 001e 1970     		strb	r1, [r3]
  51:source\key/key.c ****             if ((key_value & 0x01) == 0) {
 224              		.loc 1 51 13 is_stmt 1 view .LVU47
 225              		.loc 1 51 28 is_stmt 0 view .LVU48
 226 0020 2378     		ldrb	r3, [r4]	@ zero_extendqisi2
 227              		.loc 1 51 16 view .LVU49
 228 0022 DD07     		lsls	r5, r3, #31
 229 0024 05D4     		bmi	.L20
  52:source\key/key.c ****                key_value |= 0x01;
 230              		.loc 1 52 16 is_stmt 1 view .LVU50
 231              		.loc 1 52 26 is_stmt 0 view .LVU51
 232 0026 2378     		ldrb	r3, [r4]	@ zero_extendqisi2
 233 0028 43F00103 		orr	r3, r3, #1
 234 002c 2370     		strb	r3, [r4]
  53:source\key/key.c ****                beep_control(ON);
 235              		.loc 1 53 16 is_stmt 1 view .LVU52
 236              	.LVL4:
 237              	.LBB16:
 238              	.LBI16:
  16:source\key/key.c **** {
 239              		.loc 1 16 6 view .LVU53
 240              	.LBB17:
  18:source\key/key.c ****          beep_on = 1;
 241              		.loc 1 18 7 view .LVU54
 242 002e FFF7FEFF 		bl	beep_control.part.0
 243              	.LVL5:
 244              	.L20:
  18:source\key/key.c ****          beep_on = 1;
 245              		.loc 1 18 7 is_stmt 0 view .LVU55
 246              	.LBE17:
 247              	.LBE16:
  54:source\key/key.c ****             }
  55:source\key/key.c ****          }
  56:source\key/key.c ****       } else {
  57:source\key/key.c ****          key_cnt1 = 0;
  58:source\key/key.c ****          key_value &= ~(0x01);
  59:source\key/key.c ****       }
  60:source\key/key.c ****       if (KEY1 == RESET) {
 248              		.loc 1 60 7 is_stmt 1 view .LVU56
 249              		.loc 1 60 11 is_stmt 0 view .LVU57
 250 0032 434B     		ldr	r3, .L38
 251 0034 D3F80C12 		ldr	r1, [r3, #524]
 252 0038 444B     		ldr	r3, .L38+12
 253              		.loc 1 60 10 view .LVU58
 254 003a 0029     		cmp	r1, #0
 255 003c 65D1     		bne	.L22
  61:source\key/key.c ****          key_cnt2++;
 256              		.loc 1 61 10 is_stmt 1 view .LVU59
 257              		.loc 1 61 18 is_stmt 0 view .LVU60
 258 003e 1A78     		ldrb	r2, [r3]	@ zero_extendqisi2
 259 0040 0132     		adds	r2, r2, #1
 260 0042 D2B2     		uxtb	r2, r2
 261 0044 1A70     		strb	r2, [r3]
  62:source\key/key.c ****          if (key_cnt2 >= KEY_TIME) {
 262              		.loc 1 62 10 is_stmt 1 view .LVU61
 263              		.loc 1 62 23 is_stmt 0 view .LVU62
 264 0046 1A78     		ldrb	r2, [r3]	@ zero_extendqisi2
 265              		.loc 1 62 13 view .LVU63
 266 0048 092A     		cmp	r2, #9
 267 004a 09D9     		bls	.L24
  63:source\key/key.c ****             key_cnt2 = 0;
 268              		.loc 1 63 13 is_stmt 1 view .LVU64
 269              		.loc 1 63 22 is_stmt 0 view .LVU65
 270 004c 1970     		strb	r1, [r3]
  64:source\key/key.c ****             if ((key_value & 0x02) == 0) {
 271              		.loc 1 64 13 is_stmt 1 view .LVU66
 272              		.loc 1 64 28 is_stmt 0 view .LVU67
 273 004e 2378     		ldrb	r3, [r4]	@ zero_extendqisi2
 274              		.loc 1 64 16 view .LVU68
 275 0050 9807     		lsls	r0, r3, #30
 276 0052 05D4     		bmi	.L24
  65:source\key/key.c ****                key_value |= 0x02;
 277              		.loc 1 65 16 is_stmt 1 view .LVU69
 278              		.loc 1 65 26 is_stmt 0 view .LVU70
 279 0054 2378     		ldrb	r3, [r4]	@ zero_extendqisi2
 280 0056 43F00203 		orr	r3, r3, #2
 281 005a 2370     		strb	r3, [r4]
  66:source\key/key.c ****                beep_control(ON);
 282              		.loc 1 66 16 is_stmt 1 view .LVU71
 283              	.LVL6:
 284              	.LBB18:
 285              	.LBI18:
  16:source\key/key.c **** {
 286              		.loc 1 16 6 view .LVU72
 287              	.LBB19:
  18:source\key/key.c ****          beep_on = 1;
 288              		.loc 1 18 7 view .LVU73
 289 005c FFF7FEFF 		bl	beep_control.part.0
 290              	.LVL7:
 291              	.L24:
  18:source\key/key.c ****          beep_on = 1;
 292              		.loc 1 18 7 is_stmt 0 view .LVU74
 293              	.LBE19:
 294              	.LBE18:
  67:source\key/key.c ****             }
  68:source\key/key.c ****          }
  69:source\key/key.c ****       } else {
  70:source\key/key.c ****          key_cnt2 = 0;
  71:source\key/key.c ****          key_value &= ~(0x02);
  72:source\key/key.c ****       }
  73:source\key/key.c ****       if (KEY2 == RESET) {
 295              		.loc 1 73 7 is_stmt 1 view .LVU75
 296              		.loc 1 73 11 is_stmt 0 view .LVU76
 297 0060 374B     		ldr	r3, .L38
 298 0062 D3F80812 		ldr	r1, [r3, #520]
 299 0066 3A4B     		ldr	r3, .L38+16
 300              		.loc 1 73 10 view .LVU77
 301 0068 0029     		cmp	r1, #0
 302 006a 55D1     		bne	.L26
  74:source\key/key.c ****          key_cnt3++;
 303              		.loc 1 74 10 is_stmt 1 view .LVU78
 304              		.loc 1 74 18 is_stmt 0 view .LVU79
 305 006c 1A78     		ldrb	r2, [r3]	@ zero_extendqisi2
 306 006e 0132     		adds	r2, r2, #1
 307 0070 D2B2     		uxtb	r2, r2
 308 0072 1A70     		strb	r2, [r3]
  75:source\key/key.c ****          if (key_cnt3 >= KEY_TIME) {
 309              		.loc 1 75 10 is_stmt 1 view .LVU80
 310              		.loc 1 75 23 is_stmt 0 view .LVU81
 311 0074 1A78     		ldrb	r2, [r3]	@ zero_extendqisi2
 312              		.loc 1 75 13 view .LVU82
 313 0076 092A     		cmp	r2, #9
 314 0078 09D9     		bls	.L28
  76:source\key/key.c ****             key_cnt3 = 0;
 315              		.loc 1 76 13 is_stmt 1 view .LVU83
 316              		.loc 1 76 22 is_stmt 0 view .LVU84
 317 007a 1970     		strb	r1, [r3]
  77:source\key/key.c ****             if ((key_value & 0x04) == 0) {
 318              		.loc 1 77 13 is_stmt 1 view .LVU85
 319              		.loc 1 77 28 is_stmt 0 view .LVU86
 320 007c 2378     		ldrb	r3, [r4]	@ zero_extendqisi2
 321              		.loc 1 77 16 view .LVU87
 322 007e 5907     		lsls	r1, r3, #29
 323 0080 05D4     		bmi	.L28
  78:source\key/key.c ****                key_value |= 0x04;
 324              		.loc 1 78 16 is_stmt 1 view .LVU88
 325              		.loc 1 78 26 is_stmt 0 view .LVU89
 326 0082 2378     		ldrb	r3, [r4]	@ zero_extendqisi2
 327 0084 43F00403 		orr	r3, r3, #4
 328 0088 2370     		strb	r3, [r4]
  79:source\key/key.c ****                beep_control(ON);
 329              		.loc 1 79 16 is_stmt 1 view .LVU90
 330              	.LVL8:
 331              	.LBB20:
 332              	.LBI20:
  16:source\key/key.c **** {
 333              		.loc 1 16 6 view .LVU91
 334              	.LBB21:
  18:source\key/key.c ****          beep_on = 1;
 335              		.loc 1 18 7 view .LVU92
 336 008a FFF7FEFF 		bl	beep_control.part.0
 337              	.LVL9:
 338              	.L28:
  18:source\key/key.c ****          beep_on = 1;
 339              		.loc 1 18 7 is_stmt 0 view .LVU93
 340              	.LBE21:
 341              	.LBE20:
  80:source\key/key.c ****             }
  81:source\key/key.c ****          }
  82:source\key/key.c ****       } else {
  83:source\key/key.c ****          key_cnt3 = 0;
  84:source\key/key.c ****          key_value &= ~(0x04);
  85:source\key/key.c ****       }
  86:source\key/key.c ****       if (KEY_UP == SET) {
 342              		.loc 1 86 7 is_stmt 1 view .LVU94
 343              		.loc 1 86 11 is_stmt 0 view .LVU95
 344 008e 314B     		ldr	r3, .L38+20
 345 0090 D3F80002 		ldr	r0, [r3, #512]
 346 0094 304B     		ldr	r3, .L38+24
 347              		.loc 1 86 10 view .LVU96
 348 0096 0128     		cmp	r0, #1
 349 0098 45D1     		bne	.L30
  87:source\key/key.c ****          key_cnt4++;
 350              		.loc 1 87 10 is_stmt 1 view .LVU97
 351              		.loc 1 87 18 is_stmt 0 view .LVU98
 352 009a 1A78     		ldrb	r2, [r3]	@ zero_extendqisi2
 353 009c 0132     		adds	r2, r2, #1
 354 009e D2B2     		uxtb	r2, r2
 355 00a0 1A70     		strb	r2, [r3]
  88:source\key/key.c ****          if (key_cnt4 >= KEY_TIME) {
 356              		.loc 1 88 10 is_stmt 1 view .LVU99
 357              		.loc 1 88 23 is_stmt 0 view .LVU100
 358 00a2 1A78     		ldrb	r2, [r3]	@ zero_extendqisi2
 359              		.loc 1 88 13 view .LVU101
 360 00a4 092A     		cmp	r2, #9
 361 00a6 25D9     		bls	.L32
  89:source\key/key.c ****             key_cnt4 = 0;
 362              		.loc 1 89 13 is_stmt 1 view .LVU102
  90:source\key/key.c **** 	    key_press_time++;
 363              		.loc 1 90 20 is_stmt 0 view .LVU103
 364 00a8 2C4D     		ldr	r5, .L38+28
  89:source\key/key.c ****             key_cnt4 = 0;
 365              		.loc 1 89 22 view .LVU104
 366 00aa 0022     		movs	r2, #0
 367 00ac 1A70     		strb	r2, [r3]
 368              		.loc 1 90 6 is_stmt 1 view .LVU105
 369              		.loc 1 90 20 is_stmt 0 view .LVU106
 370 00ae 2B88     		ldrh	r3, [r5]
 371 00b0 0133     		adds	r3, r3, #1
 372 00b2 9BB2     		uxth	r3, r3
 373 00b4 2B80     		strh	r3, [r5]	@ movhi
  91:source\key/key.c ****             if ((key_value & 0x08) == 0) {
 374              		.loc 1 91 13 is_stmt 1 view .LVU107
 375              		.loc 1 91 28 is_stmt 0 view .LVU108
 376 00b6 2378     		ldrb	r3, [r4]	@ zero_extendqisi2
 377              		.loc 1 91 16 view .LVU109
 378 00b8 1A07     		lsls	r2, r3, #28
 379 00ba 09D4     		bmi	.L33
  92:source\key/key.c ****                key_value |= 0x08;
 380              		.loc 1 92 16 is_stmt 1 view .LVU110
 381              		.loc 1 92 26 is_stmt 0 view .LVU111
 382 00bc 2378     		ldrb	r3, [r4]	@ zero_extendqisi2
 383 00be 43F00803 		orr	r3, r3, #8
 384 00c2 2370     		strb	r3, [r4]
  93:source\key/key.c ****                beep_control(ON);
 385              		.loc 1 93 16 is_stmt 1 view .LVU112
 386              	.LVL10:
 387              	.LBB22:
 388              	.LBI22:
  16:source\key/key.c **** {
 389              		.loc 1 16 6 view .LVU113
 390              	.LBB23:
  18:source\key/key.c ****          beep_on = 1;
 391              		.loc 1 18 7 view .LVU114
 392              	.LBE23:
 393              	.LBE22:
  94:source\key/key.c **** 	       lcd_printf(1,10,"Key UP START");
 394              		.loc 1 94 9 is_stmt 0 view .LVU115
 395 00c4 0A21     		movs	r1, #10
 396              	.LBB25:
 397              	.LBB24:
 398 00c6 FFF7FEFF 		bl	beep_control.part.0
 399              	.LVL11:
 400              		.loc 1 94 9 view .LVU116
 401              	.LBE24:
 402              	.LBE25:
 403              		.loc 1 94 9 is_stmt 1 view .LVU117
 404 00ca 254A     		ldr	r2, .L38+32
 405 00cc FFF7FEFF 		bl	lcd_printf
 406              	.LVL12:
 407              	.L33:
  95:source\key/key.c ****             }
  96:source\key/key.c **** 	    if(key_press_time >= 500) {
 408              		.loc 1 96 6 view .LVU118
 409              		.loc 1 96 24 is_stmt 0 view .LVU119
 410 00d0 2B88     		ldrh	r3, [r5]
 411 00d2 9BB2     		uxth	r3, r3
 412              		.loc 1 96 8 view .LVU120
 413 00d4 B3F5FA7F 		cmp	r3, #500
 414 00d8 0CD3     		bcc	.L32
  97:source\key/key.c **** 	      lcd_printf(1,10,"Key UP %5d",key_press_time);
 415              		.loc 1 97 8 is_stmt 1 view .LVU121
 416 00da 2B88     		ldrh	r3, [r5]
 417 00dc 214A     		ldr	r2, .L38+36
 418 00de 9BB2     		uxth	r3, r3
 419 00e0 0A21     		movs	r1, #10
 420 00e2 0120     		movs	r0, #1
 421 00e4 FFF7FEFF 		bl	lcd_printf
 422              	.LVL13:
  98:source\key/key.c **** 	      key_press_time = 0;
 423              		.loc 1 98 8 view .LVU122
 424              		.loc 1 98 23 is_stmt 0 view .LVU123
 425 00e8 0023     		movs	r3, #0
 426 00ea 2B80     		strh	r3, [r5]	@ movhi
  99:source\key/key.c **** 	      beep_control(ON);
 427              		.loc 1 99 8 is_stmt 1 view .LVU124
 428              	.LVL14:
 429              	.LBB26:
 430              	.LBI26:
  16:source\key/key.c **** {
 431              		.loc 1 16 6 view .LVU125
 432              	.LBB27:
  18:source\key/key.c ****          beep_on = 1;
 433              		.loc 1 18 7 view .LVU126
 434 00ec FFF7FEFF 		bl	beep_control.part.0
 435              	.LVL15:
  18:source\key/key.c ****          beep_on = 1;
 436              		.loc 1 18 7 is_stmt 0 view .LVU127
 437              	.LBE27:
 438              	.LBE26:
 100:source\key/key.c **** 	      change_ap_mode();
 439              		.loc 1 100 8 is_stmt 1 view .LVU128
 440 00f0 FFF7FEFF 		bl	change_ap_mode
 441              	.LVL16:
 442              	.L32:
 101:source\key/key.c **** 	   }
 102:source\key/key.c ****          }
 103:source\key/key.c ****       } else {
 104:source\key/key.c ****          key_cnt4 = 0;
 105:source\key/key.c **** 	 if(key_value & 0x08) {
 106:source\key/key.c **** 	   
 107:source\key/key.c **** 	   key_press_time = 0;
 108:source\key/key.c **** 	   key_value &= ~(0x08);
 109:source\key/key.c **** 	 }
 110:source\key/key.c ****          
 111:source\key/key.c ****       }
 112:source\key/key.c ****       beep_check();
 443              		.loc 1 112 7 view .LVU129
 444 00f4 FFF7FEFF 		bl	beep_check
 445              	.LVL17:
 113:source\key/key.c ****       return key_value;
 446              		.loc 1 113 7 view .LVU130
 447              		.loc 1 113 14 is_stmt 0 view .LVU131
 448 00f8 2078     		ldrb	r0, [r4]	@ zero_extendqisi2
 114:source\key/key.c **** }
 449              		.loc 1 114 1 view .LVU132
 450 00fa 38BD     		pop	{r3, r4, r5, pc}
 451              	.L18:
  57:source\key/key.c ****          key_value &= ~(0x01);
 452              		.loc 1 57 10 is_stmt 1 view .LVU133
  57:source\key/key.c ****          key_value &= ~(0x01);
 453              		.loc 1 57 19 is_stmt 0 view .LVU134
 454 00fc 0022     		movs	r2, #0
 455 00fe 1A70     		strb	r2, [r3]
  58:source\key/key.c ****       }
 456              		.loc 1 58 10 is_stmt 1 view .LVU135
  58:source\key/key.c ****       }
 457              		.loc 1 58 20 is_stmt 0 view .LVU136
 458 0100 2378     		ldrb	r3, [r4]	@ zero_extendqisi2
 459 0102 03F0FE03 		and	r3, r3, #254
 460 0106 2370     		strb	r3, [r4]
 461 0108 93E7     		b	.L20
 462              	.L22:
  70:source\key/key.c ****          key_value &= ~(0x02);
 463              		.loc 1 70 10 is_stmt 1 view .LVU137
  70:source\key/key.c ****          key_value &= ~(0x02);
 464              		.loc 1 70 19 is_stmt 0 view .LVU138
 465 010a 0022     		movs	r2, #0
 466 010c 1A70     		strb	r2, [r3]
  71:source\key/key.c ****       }
 467              		.loc 1 71 10 is_stmt 1 view .LVU139
  71:source\key/key.c ****       }
 468              		.loc 1 71 20 is_stmt 0 view .LVU140
 469 010e 2378     		ldrb	r3, [r4]	@ zero_extendqisi2
 470 0110 03F0FD03 		and	r3, r3, #253
 471 0114 2370     		strb	r3, [r4]
 472 0116 A3E7     		b	.L24
 473              	.L26:
  83:source\key/key.c ****          key_value &= ~(0x04);
 474              		.loc 1 83 10 is_stmt 1 view .LVU141
  83:source\key/key.c ****          key_value &= ~(0x04);
 475              		.loc 1 83 19 is_stmt 0 view .LVU142
 476 0118 0022     		movs	r2, #0
 477 011a 1A70     		strb	r2, [r3]
  84:source\key/key.c ****       }
 478              		.loc 1 84 10 is_stmt 1 view .LVU143
  84:source\key/key.c ****       }
 479              		.loc 1 84 20 is_stmt 0 view .LVU144
 480 011c 2378     		ldrb	r3, [r4]	@ zero_extendqisi2
 481 011e 03F0FB03 		and	r3, r3, #251
 482 0122 2370     		strb	r3, [r4]
 483 0124 B3E7     		b	.L28
 484              	.L30:
 104:source\key/key.c **** 	 if(key_value & 0x08) {
 485              		.loc 1 104 10 is_stmt 1 view .LVU145
 104:source\key/key.c **** 	 if(key_value & 0x08) {
 486              		.loc 1 104 19 is_stmt 0 view .LVU146
 487 0126 0022     		movs	r2, #0
 488 0128 1A70     		strb	r2, [r3]
 105:source\key/key.c **** 	   
 489              		.loc 1 105 3 is_stmt 1 view .LVU147
 105:source\key/key.c **** 	   
 490              		.loc 1 105 16 is_stmt 0 view .LVU148
 491 012a 2378     		ldrb	r3, [r4]	@ zero_extendqisi2
 105:source\key/key.c **** 	   
 492              		.loc 1 105 5 view .LVU149
 493 012c 1B07     		lsls	r3, r3, #28
 494 012e E1D5     		bpl	.L32
 107:source\key/key.c **** 	   key_value &= ~(0x08);
 495              		.loc 1 107 5 is_stmt 1 view .LVU150
 107:source\key/key.c **** 	   key_value &= ~(0x08);
 496              		.loc 1 107 20 is_stmt 0 view .LVU151
 497 0130 0A4B     		ldr	r3, .L38+28
 498 0132 1A80     		strh	r2, [r3]	@ movhi
 108:source\key/key.c **** 	 }
 499              		.loc 1 108 5 is_stmt 1 view .LVU152
 108:source\key/key.c **** 	 }
 500              		.loc 1 108 15 is_stmt 0 view .LVU153
 501 0134 2378     		ldrb	r3, [r4]	@ zero_extendqisi2
 502 0136 03F0F703 		and	r3, r3, #247
 503 013a 2370     		strb	r3, [r4]
 504 013c DAE7     		b	.L32
 505              	.L39:
 506 013e 00BF     		.align	2
 507              	.L38:
 508 0140 00004242 		.word	1111621632
 509 0144 00000000 		.word	key_value
 510 0148 00000000 		.word	key_cnt1
 511 014c 00000000 		.word	key_cnt2
 512 0150 00000000 		.word	key_cnt3
 513 0154 00004042 		.word	1111490560
 514 0158 00000000 		.word	key_cnt4
 515 015c 00000000 		.word	key_press_time
 516 0160 00000000 		.word	.LC0
 517 0164 0D000000 		.word	.LC1
 518              		.cfi_endproc
 519              	.LFE125:
 521              		.section	.text.key_init,"ax",%progbits
 522              		.align	1
 523              		.global	key_init
 524              		.syntax unified
 525              		.thumb
 526              		.thumb_func
 528              	key_init:
 529              	.LFB126:
 115:source\key/key.c **** 
 116:source\key/key.c **** 
 117:source\key/key.c **** void key_init (void)
 118:source\key/key.c **** {
 530              		.loc 1 118 1 is_stmt 1 view -0
 531              		.cfi_startproc
 532              		@ args = 0, pretend = 0, frame = 0
 533              		@ frame_needed = 0, uses_anonymous_args = 0
 119:source\key/key.c ****       /* Enable GPIO clocks */
 120:source\key/key.c ****       RCC_AHB1PeriphClockCmd(RCC_AHB1Periph_GPIOA | RCC_AHB1Periph_GPIOE | RCC_AHB1Periph_GPIOF, EN
 534              		.loc 1 120 7 view .LVU155
 118:source\key/key.c ****       /* Enable GPIO clocks */
 535              		.loc 1 118 1 is_stmt 0 view .LVU156
 536 0000 10B5     		push	{r4, lr}
 537              		.cfi_def_cfa_offset 8
 538              		.cfi_offset 4, -8
 539              		.cfi_offset 14, -4
 121:source\key/key.c ****       GPIO_Init_Pin(GPIOE,GPIO_Pin_2,GPIO_Speed_100MHz,GPIO_Mode_IPU);		// KEY 2
 540              		.loc 1 121 7 view .LVU157
 541 0002 184C     		ldr	r4, .L41
 120:source\key/key.c ****       GPIO_Init_Pin(GPIOE,GPIO_Pin_2,GPIO_Speed_100MHz,GPIO_Mode_IPU);		// KEY 2
 542              		.loc 1 120 7 view .LVU158
 543 0004 0121     		movs	r1, #1
 544 0006 3120     		movs	r0, #49
 545 0008 FFF7FEFF 		bl	RCC_AHB1PeriphClockCmd
 546              	.LVL18:
 547              		.loc 1 121 7 is_stmt 1 view .LVU159
 548 000c 1023     		movs	r3, #16
 549 000e 0322     		movs	r2, #3
 550 0010 0421     		movs	r1, #4
 551 0012 2046     		mov	r0, r4
 552 0014 FFF7FEFF 		bl	GPIO_Init_Pin
 553              	.LVL19:
 122:source\key/key.c ****       GPIO_Init_Pin(GPIOE,GPIO_Pin_3,GPIO_Speed_100MHz,GPIO_Mode_IPU);		// KEY 1
 554              		.loc 1 122 7 view .LVU160
 555 0018 1023     		movs	r3, #16
 556 001a 0322     		movs	r2, #3
 557 001c 0821     		movs	r1, #8
 558 001e 2046     		mov	r0, r4
 559 0020 FFF7FEFF 		bl	GPIO_Init_Pin
 560              	.LVL20:
 123:source\key/key.c ****       GPIO_Init_Pin(GPIOE,GPIO_Pin_4,GPIO_Speed_100MHz,GPIO_Mode_IPU);		// KEY 0
 561              		.loc 1 123 7 view .LVU161
 562 0024 1023     		movs	r3, #16
 563 0026 1946     		mov	r1, r3
 564 0028 0322     		movs	r2, #3
 565 002a 2046     		mov	r0, r4
 566 002c FFF7FEFF 		bl	GPIO_Init_Pin
 567              	.LVL21:
 124:source\key/key.c ****       GPIO_Init_Pin(GPIOA,GPIO_Pin_0,GPIO_Speed_100MHz,GPIO_Mode_IPD);		// WAKEUP_KEY
 568              		.loc 1 124 7 view .LVU162
 569 0030 0D48     		ldr	r0, .L41+4
 570 0032 2023     		movs	r3, #32
 571 0034 0322     		movs	r2, #3
 572 0036 0121     		movs	r1, #1
 573 0038 FFF7FEFF 		bl	GPIO_Init_Pin
 574              	.LVL22:
 125:source\key/key.c ****       GPIO_Init_Pin(GPIOF,GPIO_Pin_8,GPIO_Speed_100MHz,GPIO_Mode_Out_PP);	// BUZZER
 575              		.loc 1 125 7 view .LVU163
 576 003c 0123     		movs	r3, #1
 577 003e 0322     		movs	r2, #3
 578 0040 0A48     		ldr	r0, .L41+8
 579 0042 4FF48071 		mov	r1, #256
 580 0046 FFF7FEFF 		bl	GPIO_Init_Pin
 581              	.LVL23:
 126:source\key/key.c ****       BEEP = 0;
 582              		.loc 1 126 7 view .LVU164
 583              		.loc 1 126 12 is_stmt 0 view .LVU165
 584 004a 094A     		ldr	r2, .L41+12
 585 004c 0023     		movs	r3, #0
 586 004e C2F8A032 		str	r3, [r2, #672]
 127:source\key/key.c ****       beep_on = 0;
 587              		.loc 1 127 7 is_stmt 1 view .LVU166
 588              		.loc 1 127 15 is_stmt 0 view .LVU167
 589 0052 084A     		ldr	r2, .L41+16
 590 0054 1370     		strb	r3, [r2]
 128:source\key/key.c ****       beep_cnt = 0;
 591              		.loc 1 128 7 is_stmt 1 view .LVU168
 592              		.loc 1 128 16 is_stmt 0 view .LVU169
 593 0056 084A     		ldr	r2, .L41+20
 594 0058 1380     		strh	r3, [r2]	@ movhi
 129:source\key/key.c ****       beep_max = 500;
 595              		.loc 1 129 7 is_stmt 1 view .LVU170
 596              		.loc 1 129 16 is_stmt 0 view .LVU171
 597 005a 084B     		ldr	r3, .L41+24
 598 005c 4FF4FA72 		mov	r2, #500
 599 0060 1A80     		strh	r2, [r3]	@ movhi
 130:source\key/key.c **** }
 600              		.loc 1 130 1 view .LVU172
 601 0062 10BD     		pop	{r4, pc}
 602              	.L42:
 603              		.align	2
 604              	.L41:
 605 0064 00100240 		.word	1073876992
 606 0068 00000240 		.word	1073872896
 607 006c 00140240 		.word	1073878016
 608 0070 00804242 		.word	1111654400
 609 0074 00000000 		.word	beep_on
 610 0078 00000000 		.word	beep_cnt
 611 007c 00000000 		.word	beep_max
 612              		.cfi_endproc
 613              	.LFE126:
 615              		.global	key_press_time
 616              		.section	.bss.key_press_time,"aw",%nobits
 617              		.align	1
 620              	key_press_time:
 621 0000 0000     		.space	2
 622              		.global	beep_max
 623              		.section	.bss.beep_max,"aw",%nobits
 624              		.align	1
 627              	beep_max:
 628 0000 0000     		.space	2
 629              		.global	beep_cnt
 630              		.section	.bss.beep_cnt,"aw",%nobits
 631              		.align	1
 634              	beep_cnt:
 635 0000 0000     		.space	2
 636              		.global	beep_on
 637              		.section	.bss.beep_on,"aw",%nobits
 640              	beep_on:
 641 0000 00       		.space	1
 642              		.global	key_value
 643              		.section	.bss.key_value,"aw",%nobits
 646              	key_value:
 647 0000 00       		.space	1
 648              		.global	key_cnt4
 649              		.section	.bss.key_cnt4,"aw",%nobits
 652              	key_cnt4:
 653 0000 00       		.space	1
 654              		.global	key_cnt3
 655              		.section	.bss.key_cnt3,"aw",%nobits
 658              	key_cnt3:
 659 0000 00       		.space	1
 660              		.global	key_cnt2
 661              		.section	.bss.key_cnt2,"aw",%nobits
 664              	key_cnt2:
 665 0000 00       		.space	1
 666              		.global	key_cnt1
 667              		.section	.bss.key_cnt1,"aw",%nobits
 670              	key_cnt1:
 671 0000 00       		.space	1
 672              		.text
 673              	.Letext0:
 674              		.file 2 "C:/Program Files (x86)/Arm GNU Toolchain arm-none-eabi/13.3 rel1/arm-none-eabi/include/ma
 675              		.file 3 "C:/Program Files (x86)/Arm GNU Toolchain arm-none-eabi/13.3 rel1/arm-none-eabi/include/sy
 676              		.file 4 "/project/stm32fx_iolib/stm32fxxx/stm32f4xx/stm32f4xx.h"
 677              		.file 5 "/project/stm32fx_iolib/stm32f4x_iolib/include/stm32f4xx_gpio.h"
 678              		.file 6 "source\\key\\../prototype.h"
 679              		.file 7 "/project/stm32fx_iolib/stm32f4x_iolib/include/stm32f4xx_rcc.h"
DEFINED SYMBOLS
                            *ABS*:00000000 key.c
C:\Users\gedha\AppData\Local\Temp\ccQNdXJf.s:21     .text.beep_control.part.0:00000000 $t
C:\Users\gedha\AppData\Local\Temp\ccQNdXJf.s:26     .text.beep_control.part.0:00000000 beep_control.part.0
C:\Users\gedha\AppData\Local\Temp\ccQNdXJf.s:49     .text.beep_control.part.0:00000010 $d
C:\Users\gedha\AppData\Local\Temp\ccQNdXJf.s:640    .bss.beep_on:00000000 beep_on
C:\Users\gedha\AppData\Local\Temp\ccQNdXJf.s:634    .bss.beep_cnt:00000000 beep_cnt
C:\Users\gedha\AppData\Local\Temp\ccQNdXJf.s:55     .text.beep_control:00000000 $t
C:\Users\gedha\AppData\Local\Temp\ccQNdXJf.s:61     .text.beep_control:00000000 beep_control
C:\Users\gedha\AppData\Local\Temp\ccQNdXJf.s:94     .text.beep_control:0000001c $d
C:\Users\gedha\AppData\Local\Temp\ccQNdXJf.s:101    .text.beep_check:00000000 $t
C:\Users\gedha\AppData\Local\Temp\ccQNdXJf.s:107    .text.beep_check:00000000 beep_check
C:\Users\gedha\AppData\Local\Temp\ccQNdXJf.s:168    .text.beep_check:00000038 $d
C:\Users\gedha\AppData\Local\Temp\ccQNdXJf.s:627    .bss.beep_max:00000000 beep_max
C:\Users\gedha\AppData\Local\Temp\ccQNdXJf.s:181    .text.key_read:00000000 $t
C:\Users\gedha\AppData\Local\Temp\ccQNdXJf.s:187    .text.key_read:00000000 key_read
C:\Users\gedha\AppData\Local\Temp\ccQNdXJf.s:508    .text.key_read:00000140 $d
C:\Users\gedha\AppData\Local\Temp\ccQNdXJf.s:646    .bss.key_value:00000000 key_value
C:\Users\gedha\AppData\Local\Temp\ccQNdXJf.s:670    .bss.key_cnt1:00000000 key_cnt1
C:\Users\gedha\AppData\Local\Temp\ccQNdXJf.s:664    .bss.key_cnt2:00000000 key_cnt2
C:\Users\gedha\AppData\Local\Temp\ccQNdXJf.s:658    .bss.key_cnt3:00000000 key_cnt3
C:\Users\gedha\AppData\Local\Temp\ccQNdXJf.s:652    .bss.key_cnt4:00000000 key_cnt4
C:\Users\gedha\AppData\Local\Temp\ccQNdXJf.s:620    .bss.key_press_time:00000000 key_press_time
C:\Users\gedha\AppData\Local\Temp\ccQNdXJf.s:522    .text.key_init:00000000 $t
C:\Users\gedha\AppData\Local\Temp\ccQNdXJf.s:528    .text.key_init:00000000 key_init
C:\Users\gedha\AppData\Local\Temp\ccQNdXJf.s:605    .text.key_init:00000064 $d
C:\Users\gedha\AppData\Local\Temp\ccQNdXJf.s:617    .bss.key_press_time:00000000 $d
C:\Users\gedha\AppData\Local\Temp\ccQNdXJf.s:624    .bss.beep_max:00000000 $d
C:\Users\gedha\AppData\Local\Temp\ccQNdXJf.s:631    .bss.beep_cnt:00000000 $d
C:\Users\gedha\AppData\Local\Temp\ccQNdXJf.s:641    .bss.beep_on:00000000 $d
C:\Users\gedha\AppData\Local\Temp\ccQNdXJf.s:647    .bss.key_value:00000000 $d
C:\Users\gedha\AppData\Local\Temp\ccQNdXJf.s:653    .bss.key_cnt4:00000000 $d
C:\Users\gedha\AppData\Local\Temp\ccQNdXJf.s:659    .bss.key_cnt3:00000000 $d
C:\Users\gedha\AppData\Local\Temp\ccQNdXJf.s:665    .bss.key_cnt2:00000000 $d
C:\Users\gedha\AppData\Local\Temp\ccQNdXJf.s:671    .bss.key_cnt1:00000000 $d

UNDEFINED SYMBOLS
lcd_printf
change_ap_mode
RCC_AHB1PeriphClockCmd
GPIO_Init_Pin
